Determining if the pthread_create exist failed with the following output:
Change Dir: /home/tinker/catkin_ws/build/CMakeFiles/CMakeTmp

Run Build Command:"/usr/bin/make" "cmTC_e8e4e/fast"
/usr/bin/make -f CMakeFiles/cmTC_e8e4e.dir/build.make CMakeFiles/cmTC_e8e4e.dir/build
make[1]: Entering directory '/home/tinker/catkin_ws/build/CMakeFiles/CMakeTmp'
Building C object CMakeFiles/cmTC_e8e4e.dir/CheckSymbolExists.c.o
/usr/bin/cc     -o CMakeFiles/cmTC_e8e4e.dir/CheckSymbolExists.c.o   -c /home/tinker/catkin_ws/build/CMakeFiles/CMakeTmp/CheckSymbolExists.c
Linking C executable cmTC_e8e4e
/usr/bin/cmake -E cmake_link_script CMakeFiles/cmTC_e8e4e.dir/link.txt --verbose=1
/usr/bin/cc       CMakeFiles/cmTC_e8e4e.dir/CheckSymbolExists.c.o  -o cmTC_e8e4e -rdynamic 
CMakeFiles/cmTC_e8e4e.dir/CheckSymbolExists.c.o: In function `main':
CheckSymbolExists.c:(.text+0xe): undefined reference to `pthread_create'
CheckSymbolExists.c:(.text+0x12): undefined reference to `pthread_create'
collect2: error: ld returned 1 exit status
CMakeFiles/cmTC_e8e4e.dir/build.make:97: recipe for target 'cmTC_e8e4e' failed
make[1]: *** [cmTC_e8e4e] Error 1
make[1]: Leaving directory '/home/tinker/catkin_ws/build/CMakeFiles/CMakeTmp'
Makefile:126: recipe for target 'cmTC_e8e4e/fast' failed
make: *** [cmTC_e8e4e/fast] Error 2

File /home/tinker/catkin_ws/build/CMakeFiles/CMakeTmp/CheckSymbolExists.c:
/* */
#include <pthread.h>

int main(int argc, char** argv)
{
  (void)argv;
#ifndef pthread_create
  return ((int*)(&pthread_create))[argc];
#else
  (void)argc;
  return 0;
#endif
}

Determining if the function pthread_create exists in the pthreads failed with the following output:
Change Dir: /home/tinker/catkin_ws/build/CMakeFiles/CMakeTmp

Run Build Command:"/usr/bin/make" "cmTC_2dfbb/fast"
/usr/bin/make -f CMakeFiles/cmTC_2dfbb.dir/build.make CMakeFiles/cmTC_2dfbb.dir/build
make[1]: Entering directory '/home/tinker/catkin_ws/build/CMakeFiles/CMakeTmp'
Building C object CMakeFiles/cmTC_2dfbb.dir/CheckFunctionExists.c.o
/usr/bin/cc    -DCHECK_FUNCTION_EXISTS=pthread_create   -o CMakeFiles/cmTC_2dfbb.dir/CheckFunctionExists.c.o   -c /usr/share/cmake-3.5/Modules/CheckFunctionExists.c
Linking C executable cmTC_2dfbb
/usr/bin/cmake -E cmake_link_script CMakeFiles/cmTC_2dfbb.dir/link.txt --verbose=1
/usr/bin/cc   -DCHECK_FUNCTION_EXISTS=pthread_create    CMakeFiles/cmTC_2dfbb.dir/CheckFunctionExists.c.o  -o cmTC_2dfbb -rdynamic -lpthreads 
/usr/bin/ld: cannot find -lpthreads
collect2: error: ld returned 1 exit status
CMakeFiles/cmTC_2dfbb.dir/build.make:97: recipe for target 'cmTC_2dfbb' failed
make[1]: *** [cmTC_2dfbb] Error 1
make[1]: Leaving directory '/home/tinker/catkin_ws/build/CMakeFiles/CMakeTmp'
Makefile:126: recipe for target 'cmTC_2dfbb/fast' failed
make: *** [cmTC_2dfbb/fast] Error 2


